2024-08-15 23:44:11,329 - INFO - Raw-defringing image number 0
2024-08-15 23:44:11,555 - INFO - Raw-defringing image number 1
2024-08-15 23:44:11,784 - INFO - Raw-defringing image number 2
2024-08-15 23:44:11,973 - INFO - Raw-defringing image number 3
2024-08-15 23:44:12,168 - INFO - Raw-defringing image number 4
2024-08-15 23:44:12,391 - INFO - Raw-defringing image number 5
2024-08-15 23:44:12,598 - INFO - Raw-defringing image number 6
2024-08-15 23:44:12,833 - INFO - Raw-defringing image number 7
2024-08-15 23:44:13,060 - INFO - Raw-defringing image number 8
2024-08-15 23:44:13,301 - INFO - Raw-defringing image number 9
2024-08-15 23:44:19,360 - INFO - sigmas:[20.51960982 20.48697236 20.2273163  19.99497713 19.9527321  19.83673147
 19.5667015  19.42692727 19.38051684 22.92368816]
2024-08-16 00:52:11,243 - INFO - Raw-defringing image number 0
2024-08-16 00:52:11,522 - INFO - Raw-defringing image number 1
2024-08-16 00:52:11,766 - INFO - Raw-defringing image number 2
2024-08-16 00:52:12,024 - INFO - Raw-defringing image number 3
2024-08-16 00:52:12,280 - INFO - Raw-defringing image number 4
2024-08-16 00:52:12,524 - INFO - Raw-defringing image number 5
2024-08-16 00:52:12,761 - INFO - Raw-defringing image number 6
2024-08-16 00:52:12,983 - INFO - Raw-defringing image number 7
2024-08-16 00:52:13,248 - INFO - Raw-defringing image number 8
2024-08-16 00:52:13,493 - INFO - Raw-defringing image number 9
2024-08-16 00:52:13,802 - INFO - Saved D:\Datasets\output_image\Ori\object_1.fits
2024-08-16 00:52:13,836 - INFO - Saved D:\Datasets\output_image\Ori\object_2.fits
2024-08-16 00:52:13,862 - INFO - Saved D:\Datasets\output_image\Ori\object_3.fits
2024-08-16 00:52:13,885 - INFO - Saved D:\Datasets\output_image\Ori\object_4.fits
2024-08-16 00:52:13,908 - INFO - Saved D:\Datasets\output_image\Ori\object_5.fits
2024-08-16 00:52:13,937 - INFO - Saved D:\Datasets\output_image\Ori\object_6.fits
2024-08-16 00:52:13,955 - INFO - Saved D:\Datasets\output_image\Ori\object_7.fits
2024-08-16 00:52:13,969 - INFO - Saved D:\Datasets\output_image\Ori\object_8.fits
2024-08-16 00:52:13,983 - INFO - Saved D:\Datasets\output_image\Ori\object_9.fits
2024-08-16 00:52:13,998 - INFO - Saved D:\Datasets\output_image\Ori\object_10.fits
2024-08-16 00:52:13,999 - INFO - All FITS files have been saved.
2024-08-16 00:52:14,023 - INFO - Saved D:\Datasets\output_image\LowRank\object_1.fits
2024-08-16 00:52:14,046 - INFO - Saved D:\Datasets\output_image\LowRank\object_2.fits
2024-08-16 00:52:14,070 - INFO - Saved D:\Datasets\output_image\LowRank\object_3.fits
2024-08-16 00:52:14,094 - INFO - Saved D:\Datasets\output_image\LowRank\object_4.fits
2024-08-16 00:52:14,119 - INFO - Saved D:\Datasets\output_image\LowRank\object_5.fits
2024-08-16 00:52:14,143 - INFO - Saved D:\Datasets\output_image\LowRank\object_6.fits
2024-08-16 00:52:14,176 - INFO - Saved D:\Datasets\output_image\LowRank\object_7.fits
2024-08-16 00:52:14,201 - INFO - Saved D:\Datasets\output_image\LowRank\object_8.fits
2024-08-16 00:52:14,232 - INFO - Saved D:\Datasets\output_image\LowRank\object_9.fits
2024-08-16 00:52:14,263 - INFO - Saved D:\Datasets\output_image\LowRank\object_10.fits
2024-08-16 00:52:14,264 - INFO - All FITS files have been saved.
2024-08-16 00:52:14,296 - INFO - Saved D:\Datasets\output_image\Sparse\object_1.fits
2024-08-16 00:52:14,345 - INFO - Saved D:\Datasets\output_image\Sparse\object_2.fits
2024-08-16 00:52:14,400 - INFO - Saved D:\Datasets\output_image\Sparse\object_3.fits
2024-08-16 00:52:14,436 - INFO - Saved D:\Datasets\output_image\Sparse\object_4.fits
2024-08-16 00:52:14,468 - INFO - Saved D:\Datasets\output_image\Sparse\object_5.fits
2024-08-16 00:52:14,499 - INFO - Saved D:\Datasets\output_image\Sparse\object_6.fits
2024-08-16 00:52:14,528 - INFO - Saved D:\Datasets\output_image\Sparse\object_7.fits
2024-08-16 00:52:14,560 - INFO - Saved D:\Datasets\output_image\Sparse\object_8.fits
2024-08-16 00:52:14,589 - INFO - Saved D:\Datasets\output_image\Sparse\object_9.fits
2024-08-16 00:52:14,620 - INFO - Saved D:\Datasets\output_image\Sparse\object_10.fits
2024-08-16 00:52:14,621 - INFO - All FITS files have been saved.
2024-08-16 00:52:14,638 - INFO - Saved D:\Datasets\output_image\Defringe\object_1.fits
2024-08-16 00:52:14,658 - INFO - Saved D:\Datasets\output_image\Defringe\object_2.fits
2024-08-16 00:52:14,677 - INFO - Saved D:\Datasets\output_image\Defringe\object_3.fits
2024-08-16 00:52:14,697 - INFO - Saved D:\Datasets\output_image\Defringe\object_4.fits
2024-08-16 00:52:14,716 - INFO - Saved D:\Datasets\output_image\Defringe\object_5.fits
2024-08-16 00:52:14,736 - INFO - Saved D:\Datasets\output_image\Defringe\object_6.fits
2024-08-16 00:52:14,754 - INFO - Saved D:\Datasets\output_image\Defringe\object_7.fits
2024-08-16 00:52:14,775 - INFO - Saved D:\Datasets\output_image\Defringe\object_8.fits
2024-08-16 00:52:14,799 - INFO - Saved D:\Datasets\output_image\Defringe\object_9.fits
2024-08-16 00:52:14,818 - INFO - Saved D:\Datasets\output_image\Defringe\object_10.fits
2024-08-16 00:52:14,819 - INFO - All FITS files have been saved.
iteration: 1, error: 3.940839861130794
iteration: 50, error: 0.00295770745920887
iteration: 100, error: 0.0028871263282315503
iteration: 150, error: 0.0028058406270573765
iteration: 200, error: 0.0027061395595408323
iteration: 250, error: 0.002613459720706907
iteration: 300, error: 0.002506001077468948
iteration: 350, error: 0.002408996888632868
iteration: 400, error: 0.002650277174823201
iteration: 450, error: 0.0023770525201617385
iteration: 500, error: 0.0021976607977339515
iteration: 550, error: 0.0024057904907535017
iteration: 600, error: 0.0027349193041262716
iteration: 650, error: 0.0020323771782155575
iteration: 700, error: 0.003120363546743474
iteration: 750, error: 0.0020473783304618518
iteration: 800, error: 0.0019321787372638443
iteration: 850, error: 0.001756612830797714
iteration: 900, error: 0.001721690625554115
iteration: 950, error: 0.001811477295241794
iteration: 1000, error: 0.003973160120500395
iteration: 1050, error: 0.00223090930685863
iteration: 1100, error: 0.0026111756155821845
iteration: 1150, error: 0.0016926692866959757
iteration: 1200, error: 0.0020335050233291603
iteration: 1250, error: 0.001720846770025923
iteration: 1300, error: 0.0015119065652988613
iteration: 1350, error: 0.001510496742877031
iteration: 1400, error: 0.0015192568712443608
iteration: 1450, error: 0.001564682665949957
iteration: 1500, error: 0.0015627848381522397
iteration: 1550, error: 0.0015947125452468987
iteration: 1600, error: 0.003032923773528446
iteration: 1650, error: 0.003029346834215038
iteration: 1700, error: 0.0017930570873734009
iteration: 1750, error: 0.00184389829016842
iteration: 1800, error: 0.0020469263497308065
iteration: 1850, error: 0.002103806362989079
iteration: 1900, error: 0.0021531003431743538
iteration: 1950, error: 0.0022070023134095787
iteration: 2000, error: 0.003876636454964644
iteration: 2050, error: 0.002427633539344405
iteration: 2100, error: 0.0025574207377786614
iteration: 2150, error: 0.002631719747505026
iteration: 2200, error: 0.0026205589640099277
iteration: 2250, error: 0.002798444955869406
iteration: 2300, error: 0.002966258654225646
iteration: 2350, error: 0.002951227124151052
iteration: 2400, error: 0.0027738670048178897
iteration: 2450, error: 0.0027247525037941657
iteration: 2500, error: 0.002539478346487718
iteration: 2550, error: 0.0026325686074827057
iteration: 2600, error: 0.0025462765157793035
iteration: 2650, error: 0.002783872658223336
iteration: 2700, error: 0.002523734349329371
iteration: 2750, error: 0.0024253345211022706
iteration: 2800, error: 0.0022729632546233205
iteration: 2850, error: 0.0022646389467673284
iteration: 2900, error: 0.0024366321787684104
iteration: 2950, error: 0.002708715183293717
iteration: 3000, error: 0.002317599773769902
iteration: 3050, error: 0.002308021796403974
iteration: 3100, error: 0.0022857904715954235
iteration: 3150, error: 0.0023351703752064663
iteration: 3200, error: 0.002298380253971307
iteration: 3250, error: 0.002452644529768498
iteration: 3300, error: 0.0024250858582790806
iteration: 3350, error: 0.0030261984720268247
iteration: 3400, error: 0.0024857263272619833
iteration: 3450, error: 0.003461022793720764
iteration: 3500, error: 0.0024720502295822984
iteration: 3550, error: 0.0027169751608749995
iteration: 3600, error: 0.0025206164734955547
iteration: 3650, error: 0.002615580053215931
iteration: 3700, error: 0.002481593560345417
iteration: 3750, error: 0.002435230819455422
iteration: 3800, error: 0.002408954617797849
iteration: 3850, error: 0.0025082830450049534
iteration: 3900, error: 0.0028827808296930427
iteration: 3950, error: 0.0023587718876216723
iteration: 4000, error: 0.002371964457060318
iteration: 4050, error: 0.002696679220187921
iteration: 4100, error: 0.0026562181105610136
iteration: 4150, error: 0.002616123479239547
iteration: 4200, error: 0.0027937437309231037
iteration: 4250, error: 0.0034197792690632734
iteration: 4300, error: 0.002967296682897455
iteration: 4350, error: 0.003900660014192537
iteration: 4400, error: 0.003529499207687702
iteration: 4450, error: 0.003241168653363824
iteration: 4500, error: 0.0041913530590587025
iteration: 4550, error: 0.0035162177996030893
iteration: 4600, error: 0.004206549113802497
iteration: 4650, error: 0.0047257446426676375
iteration: 4700, error: 0.003949913611315974
iteration: 4750, error: 0.004428012690146815
iteration: 4800, error: 0.004288526524336571
iteration: 4850, error: 0.003519072970165696
iteration: 4900, error: 0.003555227184636977
iteration: 4950, error: 0.0033132889508931665
iteration: 5000, error: 0.0035048722608257256
iteration: 5050, error: 0.0031848117744903938
iteration: 5100, error: 0.0034804180985884563
iteration: 5150, error: 0.003067810236256496
iteration: 5200, error: 0.0029497465174856447
iteration: 5250, error: 0.0031202733761720525
iteration: 5300, error: 0.003390353851000118
iteration: 5350, error: 0.002622978211347805
iteration: 5400, error: 0.0028903673359274525
iteration: 5450, error: 0.00294447767477456
iteration: 5500, error: 0.0029752261153147617
iteration: 5550, error: 0.002674654442697591
iteration: 5600, error: 0.0026549236458043315
iteration: 5650, error: 0.002976317220273667
iteration: 5700, error: 0.002501511238100132
iteration: 5750, error: 0.0022429068793471973
iteration: 5800, error: 0.0023013272186634313
iteration: 5850, error: 0.0022732331044865556
iteration: 5900, error: 0.001931855024569625
iteration: 5950, error: 0.0019439735410085113
iteration: 6000, error: 0.002009685286661593
iteration: 6050, error: 0.0019113502261520043
iteration: 6100, error: 0.0018100016579861646
iteration: 6150, error: 0.0018005502188245754
iteration: 6200, error: 0.0023356217115802083
iteration: 6250, error: 0.0020388951687278023
iteration: 6300, error: 0.002886583024148079
iteration: 6350, error: 0.0017168570654471148
iteration: 6400, error: 0.0014807101023508083
iteration: 6450, error: 0.0016662064164943333
iteration: 6500, error: 0.0013768052971703136
iteration: 6550, error: 0.002113558500560888
iteration: 6600, error: 0.0026478840585631076
iteration: 6650, error: 0.0014800621033497809
iteration: 6700, error: 0.0013264589869035445
iteration: 6750, error: 0.001262144657985546
iteration: 6800, error: 0.0014867494877305212
iteration: 6850, error: 0.0023028025794199565
iteration: 6900, error: 0.001113622018625147
iteration: 6950, error: 0.002382669120972339
iteration: 7000, error: 0.0012636017388176347
iteration: 7050, error: 0.0010267114364231177
iteration: 7100, error: 0.0011310960333361089
iteration: 7150, error: 0.0010991048510990609
iteration: 7200, error: 0.001121188445992984
iteration: 7250, error: 0.0011884207366854038
iteration: 7300, error: 0.0010611205828176993
iteration: 7350, error: 0.0010131702490321812
iteration: 7400, error: 0.001098403432041347
iteration: 7450, error: 0.001134160573931602
iteration: 7500, error: 0.0010472174993237755
iteration: 7550, error: 0.0011971367877353363
iteration: 7600, error: 0.001204844570569035
iteration: 7650, error: 0.001084488896103115
iteration: 7700, error: 0.001179712682165613
iteration: 7750, error: 0.0010946328409099499
iteration: 7800, error: 0.0012719408717041696
iteration: 7850, error: 0.0012511524699220153
iteration: 7900, error: 0.0012912558140614845
iteration: 7950, error: 0.0011643798328643494
iteration: 8000, error: 0.0011676279001558794
iteration: 8050, error: 0.0011212833949287159
iteration: 8100, error: 0.0011614014619851466
iteration: 8150, error: 0.0010834484411657013
iteration: 8200, error: 0.0011762013390486856
iteration: 8250, error: 0.005173196199641138
iteration: 8300, error: 0.00123452144594598
iteration: 8350, error: 0.0011650330157557647
iteration: 8400, error: 0.0011624971644327955
iteration: 8450, error: 0.0012659129582101192
iteration: 8500, error: 0.001273431687069993
iteration: 8550, error: 0.0011132377435686066
iteration: 8600, error: 0.001256149503045433
iteration: 8650, error: 0.0014661922694658128
iteration: 8700, error: 0.001108894511571403
iteration: 8750, error: 0.0011979766086918722
iteration: 8800, error: 0.0011531831046804107
iteration: 8850, error: 0.00114529219988821
iteration: 8900, error: 0.001131199486152135
iteration: 8950, error: 0.002402159959145522
iteration: 9000, error: 0.002594101207982968
iteration: 9050, error: 0.0012179385699668734
iteration: 9100, error: 0.0010529920815355214
iteration: 9150, error: 0.0010720275048051759
iteration: 9200, error: 0.0010608662184886214
iteration: 9250, error: 0.0011364521683870199
iteration: 9300, error: 0.0011394169263899694
iteration: 9350, error: 0.0011190343704760323
iteration: 9400, error: 0.0008598744392508145
iteration: 9450, error: 0.0010970568242334843
iteration: 9500, error: 0.0012696024962058445
iteration: 9550, error: 0.000997397298018345
iteration: 9600, error: 0.0010984608100449275
iteration: 9650, error: 0.0010776840098782904
iteration: 9700, error: 0.0009773296560615092
iteration: 9750, error: 0.002184082024082305
iteration: 9800, error: 0.0010267357437239815
iteration: 9850, error: 0.0011923476760666942
iteration: 9900, error: 0.0021804094996786924
iteration: 9950, error: 0.001125081424830418
iteration: 10000, error: 0.0012545738709808544
